#
# There is insufficient memory for the Java Runtime Environment to continue.
# Native memory allocation (malloc) failed to allocate 1926416 bytes for Chunk::new
# Possible reasons:
#   The system is out of physical RAM or swap space
#   In 32 bit mode, the process size limit was hit
# Possible solutions:
#   Reduce memory load on the system
#   Increase physical memory or swap space
#   Check if swap backing store is full
#   Use 64 bit Java on a 64 bit OS
#   Decrease Java heap size (-Xmx/-Xms)
#   Decrease number of Java threads
#   Decrease Java thread stack sizes (-Xss)
#   Set larger code cache with -XX:ReservedCodeCacheSize=
# This output file may be truncated or incomplete.
#
#  Out of Memory Error (allocation.cpp:390), pid=7164, tid=0x00000000000005f0
#
# JRE version: Java(TM) SE Runtime Environment (8.0_141-b15) (build 1.8.0_141-b15)
# Java VM: Java HotSpot(TM) 64-Bit Server VM (25.141-b15 mixed mode windows-amd64 compressed oops)
# Failed to write core dump. Minidumps are not enabled by default on client versions of Windows
#

---------------  T H R E A D  ---------------

Current thread (0x000000001648e000):  JavaThread "C2 CompilerThread0" daemon [_thread_in_native, id=1520, stack(0x0000000017af0000,0x0000000017bf0000)]

Stack: [0x0000000017af0000,0x0000000017bf0000]
[error occurred during error reporting (printing stack bounds), id 0xc0000005]

Native frames: (J=compiled Java code, j=interpreted, Vv=VM code, C=native code)


Current CompileTask:
C2:1075700 21729       4       com.android.tools.r8.ir.regalloc.LinearScanRegisterAllocator::a (972 bytes)


---------------  P R O C E S S  ---------------

Java Threads: ( => current thread )
  0x000000001c915800 JavaThread "WorkerExecutor Queue Thread 5" [_thread_blocked, id=7948, stack(0x00000000273f0000,0x00000000274f0000)]
  0x000000001c912800 JavaThread "Cache worker for Java compile cache (C:\Users\vit\Documents\testAplication2\.gradle\5.4.1\javaCompile)" [_thread_blocked, id=6532, stack(0x0000000026ef0000,0x0000000026ff0000)]
  0x000000001c914000 JavaThread "Cache worker for Java compile cache (C:\Users\vit\.gradle\caches\5.4.1\javaCompile)" [_thread_blocked, id=7028, stack(0x0000000000600000,0x0000000000700000)]
  0x000000001c90e800 JavaThread "stdout" [_thread_in_native, id=5784, stack(0x00000000276f0000,0x00000000277f0000)]
  0x000000001c911800 JavaThread "stderr" [_thread_in_native, id=5144, stack(0x00000000275f0000,0x00000000276f0000)]
  0x000000001c90e000 JavaThread "stdout" [_thread_in_native, id=5260, stack(0x0000000000800000,0x0000000000900000)]
  0x000000001c911000 JavaThread "stderr" [_thread_in_native, id=6252, stack(0x0000000000700000,0x0000000000800000)]
  0x000000001c90f800 JavaThread "stdout" [_thread_in_native, id=6300, stack(0x0000000000ab0000,0x0000000000bb0000)]
  0x000000001c910000 JavaThread "stderr" [_thread_in_native, id=5060, stack(0x00000000009b0000,0x0000000000ab0000)]
  0x0000000019570000 JavaThread "stdout" [_thread_in_native, id=2780, stack(0x0000000000500000,0x0000000000600000)]
  0x000000001956c000 JavaThread "stderr" [_thread_in_native, id=96, stack(0x0000000000400000,0x0000000000500000)]
  0x0000000018856800 JavaThread "pool-8-thread-1" [_thread_blocked, id=6976, stack(0x00000000274f0000,0x00000000275f0000)]
  0x0000000018855800 JavaThread "WorkerExecutor Queue Thread 2" [_thread_blocked, id=292, stack(0x00000000272f0000,0x00000000273f0000)]
  0x0000000018848000 JavaThread "Cache worker for execution history cache (C:\Users\vit\Documents\testAplication2\.gradle\5.4.1\executionHistory)" [_thread_blocked, id=2000, stack(0x0000000026df0000,0x0000000026ef0000)]
  0x0000000018847000 JavaThread "Execution worker for ':' Thread 3" [_thread_in_Java, id=3696, stack(0x0000000026cf0000,0x0000000026df0000)]
  0x0000000018849800 JavaThread "Execution worker for ':' Thread 2" [_thread_in_native, id=6496, stack(0x0000000025be0000,0x0000000025ce0000)]
  0x0000000019863000 JavaThread "Execution worker for ':'" [_thread_in_Java, id=5064, stack(0x0000000025ae0000,0x0000000025be0000)]
  0x0000000019862000 JavaThread "Cache worker for file content cache (C:\Users\vit\Documents\testAplication2\.gradle\5.4.1\fileContent)" [_thread_blocked, id=1716, stack(0x00000000249a0000,0x0000000024aa0000)]
  0x0000000019861800 JavaThread "Cache worker for file content cache (C:\Users\vit\.gradle\caches\5.4.1\fileContent)" [_thread_blocked, id=8100, stack(0x00000000244a0000,0x00000000245a0000)]
  0x0000000019860800 JavaThread "Cache worker for Build Output Cleanup Cache (C:\Users\vit\Documents\testAplication2\.gradle\buildOutputCleanup)" [_thread_blocked, id=6488, stack(0x0000000023310000,0x0000000023410000)]
  0x000000001985d800 JavaThread "Build operations Thread 4" [_thread_blocked, id=1092, stack(0x0000000022a10000,0x0000000022b10000)]
  0x000000001985d000 JavaThread "Build operations Thread 3" [_thread_blocked, id=7380, stack(0x0000000022910000,0x0000000022a10000)]
  0x0000000019860000 JavaThread "Build operations Thread 2" [_thread_blocked, id=6504, stack(0x0000000021b10000,0x0000000021c10000)]
  0x000000001985f000 JavaThread "Build operations" [_thread_blocked, id=7980, stack(0x0000000021010000,0x0000000021110000)]
  0x000000001985b800 JavaThread "Cache worker for cache directory md-rule (C:\Users\vit\.gradle\caches\5.4.1\md-rule)" [_thread_blocked, id=7960, stack(0x0000000020b10000,0x0000000020c10000)]
  0x000000001985c000 JavaThread "Cache worker for cache directory md-supplier (C:\Users\vit\.gradle\caches\5.4.1\md-supplier)" [_thread_blocked, id=7224, stack(0x0000000020a10000,0x0000000020b10000)]
  0x000000001985e800 JavaThread "Cache worker for file hash cache (C:\Users\vit\Documents\testAplication2\.gradle\5.4.1\fileHashes)" [_thread_blocked, id=5036, stack(0x000000001d540000,0x000000001d640000)]
  0x000000001985a800 JavaThread "Thread-59" [_thread_blocked, id=3608, stack(0x000000001aca0000,0x000000001ada0000)]
  0x0000000019859000 JavaThread "Asynchronous log dispatcher for DefaultDaemonConnection: socket connection from /127.0.0.1:62390 to /127.0.0.1:62518" [_thread_blocked, id=7480, stack(0x000000001aaa0000,0x000000001aba0000)]
  0x0000000019858800 JavaThread "Daemon worker Thread 3" [_thread_in_Java, id=1624, stack(0x000000001a9a0000,0x000000001aaa0000)]
  0x000000001985a000 JavaThread "Cancel handler" [_thread_blocked, id=4736, stack(0x000000001a8a0000,0x000000001a9a0000)]
  0x0000000019854000 JavaThread "Handler for socket connection from /127.0.0.1:62390 to /127.0.0.1:62518" [_thread_in_native, id=4848, stack(0x000000001a5a0000,0x000000001a6a0000)]
  0x0000000019854800 JavaThread "Daemon Thread 3" [_thread_blocked, id=6660, stack(0x000000001a4a0000,0x000000001a5a0000)]
  0x000000001884b000 JavaThread "Memory manager" [_thread_blocked, id=6280, stack(0x0000000022410000,0x0000000022510000)]
  0x0000000019570800 JavaThread "Cache worker for execution history cache (C:\Users\vit\.gradle\caches\5.4.1\executionHistory)" [_thread_blocked, id=3328, stack(0x000000001ec10000,0x000000001ed10000)]
  0x000000001956d000 JavaThread "Cache worker for journal cache (C:\Users\vit\.gradle\caches\journal-1)" [_thread_blocked, id=3524, stack(0x000000001afa0000,0x000000001b0a0000)]
  0x000000001956b800 JavaThread "File lock request listener" [_thread_in_native, id=8060, stack(0x000000001aea0000,0x000000001afa0000)]
  0x000000001956a000 JavaThread "Cache worker for file hash cache (C:\Users\vit\.gradle\caches\5.4.1\fileHashes)" [_thread_blocked, id=2380, stack(0x000000001ada0000,0x000000001aea0000)]
  0x000000001929b000 JavaThread "Daemon periodic checks" [_thread_blocked, id=5916, stack(0x000000001a3a0000,0x000000001a4a0000)]
  0x0000000018f9a800 JavaThread "Incoming local TCP Connector on port 62390" [_thread_in_native, id=7864, stack(0x000000001a1a0000,0x000000001a2a0000)]
  0x0000000019265000 JavaThread "Daemon health stats" [_thread_blocked, id=952, stack(0x0000000019bc0000,0x0000000019cc0000)]
  0x0000000017e00800 JavaThread "Service Thread" daemon [_thread_blocked, id=988, stack(0x00000000181f0000,0x00000000182f0000)]
  0x0000000016498000 JavaThread "C1 CompilerThread2" daemon [_thread_blocked, id=5748, stack(0x0000000017cf0000,0x0000000017df0000)]
  0x0000000016491800 JavaThread "C2 CompilerThread1" daemon [_thread_in_native, id=924, stack(0x0000000017bf0000,0x0000000017cf0000)]
=>0x000000001648e000 JavaThread "C2 CompilerThread0" daemon [_thread_in_native, id=1520, stack(0x0000000017af0000,0x0000000017bf0000)]
  0x000000001648c000 JavaThread "Attach Listener" daemon [_thread_blocked, id=5584, stack(0x00000000179f0000,0x0000000017af0000)]
  0x000000001648b000 JavaThread "Signal Dispatcher" daemon [_thread_blocked, id=6440, stack(0x00000000178f0000,0x00000000179f0000)]
  0x0000000002b1b000 JavaThread "Finalizer" daemon [_thread_blocked, id=6296, stack(0x00000000176f0000,0x00000000177f0000)]
  0x0000000002b10000 JavaThread "Reference Handler" daemon [_thread_blocked, id=500, stack(0x00000000175f0000,0x00000000176f0000)]
  0x0000000002a20800 JavaThread "main" [_thread_blocked, id=1960, stack(0x0000000002880000,0x0000000002980000)]

Other Threads:
  0x0000000016457800 VMThread [stack: 0x00000000174f0000,0x00000000175f0000] [id=5732]
  0x0000000017e32000 WatcherThread [stack: 0x00000000182f0000,0x00000000183f0000] [id=6088]

VM state:not at safepoint (normal execution)

VM Mutex/Monitor currently owned by a thread: None

Heap:
 PSYoungGen      total 434176K, used 83540K [0x00000000e0000000, 0x0000000100000000, 0x0000000100000000)
  eden space 402432K, 18% used [0x00000000e0000000,0x00000000e4929b88,0x00000000f8900000)
  from space 31744K, 27% used [0x00000000f8900000,0x00000000f916b6c8,0x00000000fa800000)
  to   space 30720K, 0% used [0x00000000fe200000,0x00000000fe200000,0x0000000100000000)
 ParOldGen       total 129024K, used 75037K [0x00000000a0000000, 0x00000000a7e00000, 0x00000000e0000000)
  object space 129024K, 58% used [0x00000000a0000000,0x00000000a49474c0,0x00000000a7e00000)
 Metaspace       used 98114K, capacity 102498K, committed 102604K, reserved 1138688K
  class space    used 12661K, capacity 13431K, committed 13516K, reserved 1048576K

Card table byte_map: [0x0000000011ee0000,0x00000000121f0000] byte_map_base: 0x00000000119e0000

Marking Bits: (ParMarkBitMap*) 0x0000000075fcd850
 Begin Bits: [0x00000000127f0000, 0x0000000013ff0000)
 End Bits:   [0x0000000013ff0000, 0x00000000157f0000)

Polling page: 0x0000000000ea0000

CodeCache: size=245760Kb used=62896Kb max_used=62926Kb free=182863Kb
 bounds [0x0000000002b20000, 0x0000000006930000, 0x0000000011b20000]
 total_blobs=18496 nmethods=17588 adapters=816
 compilation: enabled

Compilation events (10 events):
Event: 1075.428 Thread 0x0000000016498000 21805       2       com.android.tools.r8.n.a.a.a.h.g::<init> (5 bytes)
Event: 1075.429 Thread 0x0000000016498000 nmethod 21805 0x0000000005e4f410 code [0x0000000005e4f560, 0x0000000005e4f6b0]
Event: 1075.429 Thread 0x0000000016498000 21806       2       com.android.tools.r8.dex.f::a (1 bytes)
Event: 1075.429 Thread 0x0000000016498000 nmethod 21806 0x000000000541fa50 code [0x000000000541fba0, 0x000000000541fcf0]
Event: 1075.430 Thread 0x0000000016498000 21807       3       com.android.tools.r8.n.a.a.a.h.H0::d (326 bytes)
Event: 1075.432 Thread 0x0000000016498000 nmethod 21807 0x00000000042f5e90 code [0x00000000042f60c0, 0x00000000042f6dd8]
Event: 1075.444 Thread 0x0000000016498000 21808       1       com.android.tools.r8.code.InvokeStaticRange::getOpcode (3 bytes)
Event: 1075.445 Thread 0x0000000016498000 nmethod 21808 0x0000000005e13910 code [0x0000000005e13a60, 0x0000000005e13b70]
Event: 1075.446 Thread 0x0000000016498000 21809       1       com.android.tools.r8.code.Const::getOpcode (3 bytes)
Event: 1075.446 Thread 0x0000000016498000 nmethod 21809 0x00000000042f5bd0 code [0x00000000042f5d20, 0x00000000042f5e30]

GC Heap History (10 events):
Event: 1057.251 GC heap before
{Heap before GC invocations=29 (full 4):
 PSYoungGen      total 373760K, used 344628K [0x00000000e0000000, 0x00000000f8f00000, 0x0000000100000000)
  eden space 338944K, 100% used [0x00000000e0000000,0x00000000f4b00000,0x00000000f4b00000)
  from space 34816K, 16% used [0x00000000f6d00000,0x00000000f728d248,0x00000000f8f00000)
  to   space 34816K, 0% used [0x00000000f4b00000,0x00000000f4b00000,0x00000000f6d00000)
 ParOldGen       total 129024K, used 62157K [0x00000000a0000000, 0x00000000a7e00000, 0x00000000e0000000)
  object space 129024K, 48% used [0x00000000a0000000,0x00000000a3cb3708,0x00000000a7e00000)
 Metaspace       used 97750K, capacity 102016K, committed 102348K, reserved 1138688K
  class space    used 12650K, capacity 13392K, committed 13516K, reserved 1048576K
Event: 1057.419 GC heap after
Heap after GC invocations=29 (full 4):
 PSYoungGen      total 373760K, used 14592K [0x00000000e0000000, 0x00000000f8f00000, 0x0000000100000000)
  eden space 338944K, 0% used [0x00000000e0000000,0x00000000e0000000,0x00000000f4b00000)
  from space 34816K, 41% used [0x00000000f4b00000,0x00000000f59403a8,0x00000000f6d00000)
  to   space 34816K, 0% used [0x00000000f6d00000,0x00000000f6d00000,0x00000000f8f00000)
 ParOldGen       total 129024K, used 62157K [0x00000000a0000000, 0x00000000a7e00000, 0x00000000e0000000)
  object space 129024K, 48% used [0x00000000a0000000,0x00000000a3cb3708,0x00000000a7e00000)
 Metaspace       used 97750K, capacity 102016K, committed 102348K, reserved 1138688K
  class space    used 12650K, capacity 13392K, committed 13516K, reserved 1048576K
}
Event: 1062.537 GC heap before
{Heap before GC invocations=30 (full 4):
 PSYoungGen      total 373760K, used 353536K [0x00000000e0000000, 0x00000000f8f00000, 0x0000000100000000)
  eden space 338944K, 100% used [0x00000000e0000000,0x00000000f4b00000,0x00000000f4b00000)
  from space 34816K, 41% used [0x00000000f4b00000,0x00000000f59403a8,0x00000000f6d00000)
  to   space 34816K, 0% used [0x00000000f6d00000,0x00000000f6d00000,0x00000000f8f00000)
 ParOldGen       total 129024K, used 62157K [0x00000000a0000000, 0x00000000a7e00000, 0x00000000e0000000)
  object space 129024K, 48% used [0x00000000a0000000,0x00000000a3cb3708,0x00000000a7e00000)
 Metaspace       used 97824K, capacity 102104K, committed 102348K, reserved 1138688K
  class space    used 12652K, capacity 13396K, committed 13516K, reserved 1048576K
Event: 1062.579 GC heap after
Heap after GC invocations=30 (full 4):
 PSYoungGen      total 376832K, used 13064K [0x00000000e0000000, 0x00000000fca80000, 0x0000000100000000)
  eden space 342016K, 0% used [0x00000000e0000000,0x00000000e0000000,0x00000000f4e00000)
  from space 34816K, 37% used [0x00000000f6d00000,0x00000000f79c22f8,0x00000000f8f00000)
  to   space 31744K, 0% used [0x00000000f4e00000,0x00000000f4e00000,0x00000000f6d00000)
 ParOldGen       total 129024K, used 63563K [0x00000000a0000000, 0x00000000a7e00000, 0x00000000e0000000)
  object space 129024K, 49% used [0x00000000a0000000,0x00000000a3e12fe0,0x00000000a7e00000)
 Metaspace       used 97824K, capacity 102104K, committed 102348K, reserved 1138688K
  class space    used 12652K, capacity 13396K, committed 13516K, reserved 1048576K
}
Event: 1066.347 GC heap before
{Heap before GC invocations=31 (full 4):
 PSYoungGen      total 376832K, used 355080K [0x00000000e0000000, 0x00000000fca80000, 0x0000000100000000)
  eden space 342016K, 100% used [0x00000000e0000000,0x00000000f4e00000,0x00000000f4e00000)
  from space 34816K, 37% used [0x00000000f6d00000,0x00000000f79c22f8,0x00000000f8f00000)
  to   space 31744K, 0% used [0x00000000f4e00000,0x00000000f4e00000,0x00000000f6d00000)
 ParOldGen       total 129024K, used 63563K [0x00000000a0000000, 0x00000000a7e00000, 0x00000000e0000000)
  object space 129024K, 49% used [0x00000000a0000000,0x00000000a3e12fe0,0x00000000a7e00000)
 Metaspace       used 97990K, capacity 102340K, committed 102604K, reserved 1138688K
  class space    used 12659K, capacity 13428K, committed 13516K, reserved 1048576K
Event: 1066.433 GC heap after
Heap after GC invocations=31 (full 4):
 PSYoungGen      total 373760K, used 3817K [0x00000000e0000000, 0x00000000fcc80000, 0x0000000100000000)
  eden space 342016K, 0% used [0x00000000e0000000,0x00000000e0000000,0x00000000f4e00000)
  from space 31744K, 12% used [0x00000000f4e00000,0x00000000f51ba640,0x00000000f6d00000)
  to   space 32256K, 0% used [0x00000000fad00000,0x00000000fad00000,0x00000000fcc80000)
 ParOldGen       total 129024K, used 69886K [0x00000000a0000000, 0x00000000a7e00000, 0x00000000e0000000)
  object space 129024K, 54% used [0x00000000a0000000,0x00000000a443faf8,0x00000000a7e00000)
 Metaspace       used 97990K, capacity 102340K, committed 102604K, reserved 1138688K
  class space    used 12659K, capacity 13428K, committed 13516K, reserved 1048576K
}
Event: 1070.507 GC heap before
{Heap before GC invocations=32 (full 4):
 PSYoungGen      total 373760K, used 345833K [0x00000000e0000000, 0x00000000fcc80000, 0x0000000100000000)
  eden space 342016K, 100% used [0x00000000e0000000,0x00000000f4e00000,0x00000000f4e00000)
  from space 31744K, 12% used [0x00000000f4e00000,0x00000000f51ba640,0x00000000f6d00000)
  to   space 32256K, 0% used [0x00000000fad00000,0x00000000fad00000,0x00000000fcc80000)
 ParOldGen       total 129024K, used 69886K [0x00000000a0000000, 0x00000000a7e00000, 0x00000000e0000000)
  object space 129024K, 54% used [0x00000000a0000000,0x00000000a443faf8,0x00000000a7e00000)
 Metaspace       used 98026K, capacity 102366K, committed 102604K, reserved 1138688K
  class space    used 12661K, capacity 13431K, committed 13516K, reserved 1048576K
Event: 1070.543 GC heap after
Heap after GC invocations=32 (full 4):
 PSYoungGen      total 429056K, used 6412K [0x00000000e0000000, 0x00000000fc700000, 0x0000000100000000)
  eden space 402432K, 0% used [0x00000000e0000000,0x00000000e0000000,0x00000000f8900000)
  from space 26624K, 24% used [0x00000000fad00000,0x00000000fb343130,0x00000000fc700000)
  to   space 31744K, 0% used [0x00000000f8900000,0x00000000f8900000,0x00000000fa800000)
 ParOldGen       total 129024K, used 70990K [0x00000000a0000000, 0x00000000a7e00000, 0x00000000e0000000)
  object space 129024K, 55% used [0x00000000a0000000,0x00000000a4553b28,0x00000000a7e00000)
 Metaspace       used 98026K, capacity 102366K, committed 102604K, reserved 1138688K
  class space    used 12661K, capacity 13431K, committed 13516K, reserved 1048576K
}
Event: 1074.508 GC heap before
{Heap before GC invocations=33 (full 4):
 PSYoungGen      total 429056K, used 408844K [0x00000000e0000000, 0x00000000fc700000, 0x0000000100000000)
  eden space 402432K, 100% used [0x00000000e0000000,0x00000000f8900000,0x00000000f8900000)
  from space 26624K, 24% used [0x00000000fad00000,0x00000000fb343130,0x00000000fc700000)
  to   space 31744K, 0% used [0x00000000f8900000,0x00000000f8900000,0x00000000fa800000)
 ParOldGen       total 129024K, used 70990K [0x00000000a0000000, 0x00000000a7e00000, 0x00000000e0000000)
  object space 129024K, 55% used [0x00000000a0000000,0x00000000a4553b28,0x00000000a7e00000)
 Metaspace       used 98110K, capacity 102434K, committed 102604K, reserved 1138688K
  class space    used 12661K, capacity 13431K, committed 13516K, reserved 1048576K
Event: 1074.602 GC heap after
Heap after GC invocations=33 (full 4):
 PSYoungGen      total 434176K, used 8621K [0x00000000e0000000, 0x0000000100000000, 0x0000000100000000)
  eden space 402432K, 0% used [0x00000000e0000000,0x00000000e0000000,0x00000000f8900000)
  from space 31744K, 27% used [0x00000000f8900000,0x00000000f916b6c8,0x00000000fa800000)
  to   space 30720K, 0% used [0x00000000fe200000,0x00000000fe200000,0x0000000100000000)
 ParOldGen       total 129024K, used 75037K [0x00000000a0000000, 0x00000000a7e00000, 0x00000000e0000000)
  object space 129024K, 58% used [0x00000000a0000000,0x00000000a49474c0,0x00000000a7e00000)
 Metaspace       used 98110K, capacity 102434K, committed 102604K, reserved 1138688K
  class space    used 12661K, capacity 13431K, committed 13516K, reserved 1048576K
}

Deoptimization events (10 events):
Event: 1063.212 Thread 0x0000000018849800 Uncommon trap: reason=unstable_if action=reinterpret pc=0x0000000003c4cee8 method=com.android.tools.r8.graph.DexString.slowCompareTo(Lcom/android/tools/r8/graph/DexString;)I @ 141
Event: 1063.489 Thread 0x0000000018849800 Uncommon trap: reason=unstable_if action=reinterpret pc=0x00000000057ef660 method=com.android.tools.r8.dex.DexOutputBuffer.j(I)V @ 8
Event: 1066.901 Thread 0x0000000019858800 Uncommon trap: reason=bimorphic action=maybe_recompile pc=0x00000000063adeec method=com.android.tools.r8.ir.analysis.type.TypeLatticeElement.l()Z @ 36
Event: 1066.901 Thread 0x0000000019858800 Uncommon trap: reason=bimorphic action=maybe_recompile pc=0x00000000063adeec method=com.android.tools.r8.ir.analysis.type.TypeLatticeElement.l()Z @ 36
Event: 1067.495 Thread 0x0000000019858800 Uncommon trap: reason=unstable_if action=reinterpret pc=0x00000000066743a4 method=com.android.tools.r8.ir.optimize.CodeRewriter.e(Lcom/android/tools/r8/ir/code/Instruction;)Z @ 27
Event: 1069.261 Thread 0x0000000019858800 Uncommon trap: reason=unstable_if action=reinterpret pc=0x00000000067bdbe4 method=com.android.tools.r8.ir.code.Value.a(Lcom/android/tools/r8/graph/AppView;Lcom/android/tools/r8/ir/code/IRCode;Ljava/util/function/Predicate;Ljava/util/Set;)Z @ 144
Event: 1070.466 Thread 0x0000000018849800 Uncommon trap: reason=unstable_if action=reinterpret pc=0x000000000673e8bc method=com.android.tools.r8.n.a.a.a.g.B0$e.contains(Ljava/lang/Object;)Z @ 176
Event: 1072.957 Thread 0x0000000018847000 Uncommon trap: reason=unstable_if action=reinterpret pc=0x000000000657755c method=com.android.tools.r8.graph.DexString.<init>(Ljava/lang/String;)V @ 32
Event: 1073.127 Thread 0x0000000018847000 Uncommon trap: reason=class_check action=maybe_recompile pc=0x00000000066247f0 method=com.android.tools.r8.ir.analysis.g.e.b(Lcom/android/tools/r8/ir/code/Instruction;)V @ 241
Event: 1073.801 Thread 0x0000000018847000 Uncommon trap: reason=class_check action=maybe_recompile pc=0x00000000066247f0 method=com.android.tools.r8.ir.analysis.g.e.b(Lcom/android/tools/r8/ir/code/Instruction;)V @ 241

Internal exceptions (10 events):
Event: 1069.544 Thread 0x0000000019863000 Exception <a 'sun/nio/fs/WindowsException'> (0x00000000ef5ee860) thrown at [C:\re\workspace\8-2-build-windows-amd64-cygwin\jdk8u141\9370\hotspot\src\share\vm\prims\jni.cpp, line 709]
Event: 1070.189 Thread 0x0000000018849800 Exception <a 'sun/nio/fs/WindowsException'> (0x00000000f30999b0) thrown at [C:\re\workspace\8-2-build-windows-amd64-cygwin\jdk8u141\9370\hotspot\src\share\vm\prims\jni.cpp, line 709]
Event: 1070.646 Thread 0x0000000019863000 Exception <a 'sun/nio/fs/WindowsException'> (0x00000000e077d940) thrown at [C:\re\workspace\8-2-build-windows-amd64-cygwin\jdk8u141\9370\hotspot\src\share\vm\prims\jni.cpp, line 709]
Event: 1071.477 Thread 0x0000000019858800 Exception <a 'sun/nio/fs/WindowsException'> (0x00000000e37be858) thrown at [C:\re\workspace\8-2-build-windows-amd64-cygwin\jdk8u141\9370\hotspot\src\share\vm\prims\jni.cpp, line 709]
Event: 1072.333 Thread 0x0000000019863000 Exception <a 'sun/nio/fs/WindowsException'> (0x00000000e8321c58) thrown at [C:\re\workspace\8-2-build-windows-amd64-cygwin\jdk8u141\9370\hotspot\src\share\vm\prims\jni.cpp, line 709]
Event: 1072.668 Thread 0x0000000018847000 Exception <a 'sun/nio/fs/WindowsException'> (0x00000000ebd9e270) thrown at [C:\re\workspace\8-2-build-windows-amd64-cygwin\jdk8u141\9370\hotspot\src\share\vm\prims\jni.cpp, line 709]
Event: 1073.082 Thread 0x0000000019863000 Exception <a 'sun/nio/fs/WindowsException'> (0x00000000efbebb00) thrown at [C:\re\workspace\8-2-build-windows-amd64-cygwin\jdk8u141\9370\hotspot\src\share\vm\prims\jni.cpp, line 709]
Event: 1074.429 Thread 0x0000000019858800 Exception <a 'sun/nio/fs/WindowsException'> (0x00000000f6b11aa0) thrown at [C:\re\workspace\8-2-build-windows-amd64-cygwin\jdk8u141\9370\hotspot\src\share\vm\prims\jni.cpp, line 709]
Event: 1075.351 Thread 0x0000000019863000 Exception <a 'sun/nio/fs/WindowsException'> (0x00000000e3c00680) thrown at [C:\re\workspace\8-2-build-windows-amd64-cygwin\jdk8u141\9370\hotspot\src\share\vm\prims\jni.cpp, line 709]
Event: 1075.464 Thread 0x0000000018849800 Exception <a 'sun/nio/fs/WindowsException'> (0x00000000e449d3f0) thrown at [C:\re\workspace\8-2-build-windows-amd64-cygwin\jdk8u141\9370\hotspot\src\share\vm\prims\jni.cpp, line 709]

Events (10 events):
Event: 1075.344 Thread 0x0000000018847000 DEOPT PACKING pc=0x0000000006155bcd sp=0x0000000026deb340
Event: 1075.344 Thread 0x0000000018847000 DEOPT UNPACKING pc=0x0000000002b6787f sp=0x0000000026deb258 mode 0
Event: 1075.346 Thread 0x0000000018847000 DEOPT PACKING pc=0x00000000061799c7 sp=0x0000000026deb3f0
Event: 1075.346 Thread 0x0000000018847000 DEOPT UNPACKING pc=0x0000000002b6787f sp=0x0000000026deb330 mode 0
Event: 1075.352 Thread 0x0000000019863000 DEOPT PACKING pc=0x0000000004e683d4 sp=0x0000000025bdbe00
Event: 1075.352 Thread 0x0000000019863000 DEOPT UNPACKING pc=0x0000000002b6787f sp=0x0000000025bdbb98 mode 0
Event: 1075.356 Thread 0x0000000019863000 DEOPT PACKING pc=0x0000000004e683d4 sp=0x0000000025bdad70
Event: 1075.356 Thread 0x0000000019863000 DEOPT UNPACKING pc=0x0000000002b6787f sp=0x0000000025bdab08 mode 0
Event: 1075.430 Thread 0x0000000018849800 DEOPT PACKING pc=0x000000000673c2e9 sp=0x0000000025cdb350
Event: 1075.430 Thread 0x0000000018849800 DEOPT UNPACKING pc=0x0000000002b6787f sp=0x0000000025cdb130 mode 0


Dynamic libraries:
0x00007ff6c09e0000 - 0x00007ff6c0a17000 	C:\Program Files\Java\jdk1.8.0_141\bin\java.exe
0x00007ffabfe90000 - 0x00007ffac003d000 	C:\Windows\SYSTEM32\ntdll.dll
0x00007ffabfd50000 - 0x00007ffabfe8f000 	C:\Windows\system32\KERNEL32.DLL
0x00007ffabd3d0000 - 0x00007ffabd4e5000 	C:\Windows\system32\KERNELBASE.dll
0x00007ffabbba0000 - 0x00007ffabbc2e000 	C:\Windows\system32\apphelp.dll
0x00007ffab9e90000 - 0x00007ffab9ee5000 	C:\Windows\AppPatch\AppPatch64\AcGenral.DLL
0x00007ffabd740000 - 0x00007ffabd7ea000 	C:\Windows\system32\msvcrt.dll
0x00007ffabd4f0000 - 0x00007ffabd51e000 	C:\Windows\system32\SspiCli.dll
0x00007ffabd6c0000 - 0x00007ffabd714000 	C:\Windows\system32\SHLWAPI.dll
0x00007ffabd7f0000 - 0x00007ffabd967000 	C:\Windows\system32\USER32.dll
0x00007ffabd520000 - 0x00007ffabd6b4000 	C:\Windows\system32\ole32.dll
0x00007ffabe5f0000 - 0x00007ffabfb1d000 	C:\Windows\system32\SHELL32.dll
0x00007ffabc610000 - 0x00007ffabc631000 	C:\Windows\SYSTEM32\USERENV.dll
0x00007ffabe0c0000 - 0x00007ffabe16a000 	C:\Windows\system32\ADVAPI32.dll
0x00007ffaae940000 - 0x00007ffaae95e000 	C:\Windows\SYSTEM32\MPR.dll
0x00007ffabdec0000 - 0x00007ffabe000000 	C:\Windows\system32\RPCRT4.dll
0x00007ffabdc30000 - 0x00007ffabdc88000 	C:\Windows\SYSTEM32\sechost.dll
0x00007ffabda20000 - 0x00007ffabdc30000 	C:\Windows\SYSTEM32\combase.dll
0x00007ffabe3c0000 - 0x00007ffabe50d000 	C:\Windows\system32\GDI32.dll
0x00007ffabcfc0000 - 0x00007ffabcfd5000 	C:\Windows\SYSTEM32\profapi.dll
0x00007ffabb340000 - 0x00007ffabb3f2000 	C:\Windows\SYSTEM32\SHCORE.dll
0x00007ffabd9d0000 - 0x00007ffabda06000 	C:\Windows\system32\IMM32.DLL
0x00007ffabdc90000 - 0x00007ffabdde1000 	C:\Windows\system32\MSCTF.dll
0x00007ffaba810000 - 0x00007ffabaa8b000 	C:\Windows\WinSxS\amd64_microsoft.windows.common-controls_6595b64144ccf1df_6.0.9600.19394_none_62486577ecb635cf\COMCTL32.dll
0x0000000076050000 - 0x0000000076122000 	C:\Program Files\Java\jdk1.8.0_141\jre\bin\msvcr100.dll
0x00000000757b0000 - 0x000000007604d000 	C:\Program Files\Java\jdk1.8.0_141\jre\bin\server\jvm.dll
0x00007ffaa68b0000 - 0x00007ffaa68b9000 	C:\Windows\SYSTEM32\WSOCK32.dll
0x00007ffaa6e30000 - 0x00007ffaa6e52000 	C:\Windows\SYSTEM32\WINMM.dll
0x00007ffab6a60000 - 0x00007ffab6a6a000 	C:\Windows\SYSTEM32\VERSION.dll
0x00007ffabe350000 - 0x00007ffabe357000 	C:\Windows\system32\PSAPI.DLL
0x00007ffabe360000 - 0x00007ffabe3ba000 	C:\Windows\system32\WS2_32.dll
0x00007ffaa6e00000 - 0x00007ffaa6e2a000 	C:\Windows\SYSTEM32\WINMMBASE.dll
0x00007ffabe510000 - 0x00007ffabe519000 	C:\Windows\system32\NSI.dll
0x00007ffabd320000 - 0x00007ffabd36f000 	C:\Windows\SYSTEM32\cfgmgr32.dll
0x00007ffabbe10000 - 0x00007ffabbe38000 	C:\Windows\SYSTEM32\DEVOBJ.dll
0x0000000077a30000 - 0x0000000077a3f000 	C:\Program Files\Java\jdk1.8.0_141\jre\bin\verify.dll
0x00000000770e0000 - 0x0000000077109000 	C:\Program Files\Java\jdk1.8.0_141\jre\bin\java.dll
0x0000000075790000 - 0x00000000757a6000 	C:\Program Files\Java\jdk1.8.0_141\jre\bin\zip.dll
0x0000000075770000 - 0x000000007578a000 	C:\Program Files\Java\jdk1.8.0_141\jre\bin\net.dll
0x00007ffabc8d0000 - 0x00007ffabc929000 	C:\Windows\system32\mswsock.dll
0x0000000075750000 - 0x0000000075761000 	C:\Program Files\Java\jdk1.8.0_141\jre\bin\nio.dll
0x00007ffaa57d0000 - 0x00007ffaa57f6000 	C:\Users\vit\.gradle\native\29\windows-amd64\native-platform.dll
0x00000000770d0000 - 0x00000000770dd000 	C:\Program Files\Java\jdk1.8.0_141\jre\bin\management.dll
0x00007ffabc930000 - 0x00007ffabc950000 	C:\Windows\SYSTEM32\CRYPTSP.dll
0x00007ffabc500000 - 0x00007ffabc536000 	C:\Windows\system32\rsaenh.dll
0x00007ffabcb70000 - 0x00007ffabcb96000 	C:\Windows\SYSTEM32\bcrypt.dll
0x00007ffabce90000 - 0x00007ffabcef3000 	C:\Windows\system32\bcryptprimitives.dll
0x00007ffabcf00000 - 0x00007ffabcf0b000 	C:\Windows\SYSTEM32\CRYPTBASE.dll
0x00007ffab7cf0000 - 0x00007ffab7d1a000 	C:\Windows\SYSTEM32\IPHLPAPI.DLL
0x00007ffab7c90000 - 0x00007ffab7c9a000 	C:\Windows\SYSTEM32\WINNSI.DLL
0x00007ffab7620000 - 0x00007ffab7636000 	C:\Windows\SYSTEM32\dhcpcsvc6.DLL
0x00007ffab7a00000 - 0x00007ffab7a1a000 	C:\Windows\SYSTEM32\dhcpcsvc.DLL
0x0000000075720000 - 0x0000000075744000 	C:\Program Files\Java\jdk1.8.0_141\jre\bin\sunec.dll
0x00007ffabc6d0000 - 0x00007ffabc774000 	C:\Windows\SYSTEM32\DNSAPI.dll
0x00007ffab8940000 - 0x00007ffab894a000 	C:\Windows\System32\rasadhlp.dll
0x00007ffab78d0000 - 0x00007ffab793b000 	C:\Windows\System32\fwpuclnt.dll
0x0000000075710000 - 0x000000007571b000 	C:\Program Files\Java\jdk1.8.0_141\jre\bin\sunmscapi.dll
0x00007ffabd090000 - 0x00007ffabd26f000 	C:\Windows\system32\CRYPT32.dll
0x00007ffabd070000 - 0x00007ffabd081000 	C:\Windows\system32\MSASN1.dll

VM Arguments:
jvm_args: -Xmx1536m -Dfile.encoding=windows-1252 -Duser.country=MX -Duser.language=es -Duser.variant 
java_command: org.gradle.launcher.daemon.bootstrap.GradleDaemon 5.4.1
java_class_path (initial): C:\Users\vit\.gradle\wrapper\dists\gradle-5.4.1-all\3221gyojl5jsh0helicew7rwx\gradle-5.4.1\lib\gradle-launcher-5.4.1.jar
Launcher Type: SUN_STANDARD

Environment Variables:
JAVA_HOME=C:\Program Files\Java\jdk1.8.0_141
PATH=C:\Program Files\Java\jdk1.8.0_141\bin;C:\wamp64\bin\php\php7.3.12;C:\composer;C:\Program Files\nodejs\;C:\Program Files\Git\cmd;;C:\Users\vit\AppData\Local\Programs\Microsoft VS Code\bin;C:\Users\vit\AppData\Roaming\Composer\vendor\bin;C:\Users\vit\AppData\Roaming\npm
USERNAME=vit
OS=Windows_NT
PROCESSOR_IDENTIFIER=Intel64 Family 6 Model 69 Stepping 1, GenuineIntel



---------------  S Y S T E M  ---------------

OS: Windows 8.1 , 64 bit Build 9600 (6.3.9600.19719)

CPU:total 4 (initial active 4) (2 cores per cpu, 2 threads per core) family 6 model 69 stepping 1, cmov, cx8, fxsr, mmx, sse, sse2, sse3, ssse3, sse4.1, sse4.2, popcnt, avx, avx2, aes, clmul, erms, lzcnt, ht, tsc, tscinvbit, bmi1, bmi2

Memory: 4k page, physical 4096180k(245916k free), swap 7241908k(7732k free)

vm_info: Java HotSpot(TM) 64-Bit Server VM (25.141-b15) for windows-amd64 JRE (1.8.0_141-b15), built on Jul 12 2017 04:25:12 by "java_re" with MS VC++ 10.0 (VS2010)

time: Tue Sep 01 15:46:19 2020
elapsed time: 1075 seconds (0d 0h 17m 55s)

